<?xml version="1.0" encoding="UTF-8"?>
<testng-results ignored="0" total="1" passed="1" failed="0" skipped="0">
  <reporter-output>
  </reporter-output>
  <suite started-at="2026-09-09T17:07:37 IST" name="herokuapp" finished-at="2026-09-09T17:07:49 IST" duration-ms="12232">
    <groups>
    </groups>
    <test started-at="2026-09-09T17:07:37 IST" name="test1" finished-at="2026-09-09T17:07:49 IST" duration-ms="12232">
      <class name="com.herokuapp.testCases.TC_LoginTest_001">
        <test-method is-config="true" signature="setup(java.lang.String)[pri:0, instance:com.herokuapp.testCases.TC_LoginTest_001@7a3793c7]" started-at="2026-09-09T17:07:38 IST" name="setup" finished-at="2026-09-09T17:07:47 IST" duration-ms="9698" status="PASS">
          <params>
            <param index="0">
              <value>
                <![CDATA[chrome]]>
              </value>
            </param>
          </params>
          <reporter-output>
          </reporter-output>
        </test-method> <!-- setup -->
        <test-method signature="loginTest()[pri:0, instance:com.herokuapp.testCases.TC_LoginTest_001@7a3793c7]" started-at="2026-09-09T17:07:47 IST" name="loginTest" finished-at="2026-09-09T17:07:49 IST" duration-ms="1498" status="PASS">
          <reporter-output>
          </reporter-output>
        </test-method> <!-- loginTest -->
        <test-method is-config="true" signature="tearDown()[pri:0, instance:com.herokuapp.testCases.TC_LoginTest_001@7a3793c7]" started-at="2026-09-09T17:07:49 IST" name="tearDown" finished-at="2026-09-09T17:07:49 IST" duration-ms="339" status="PASS">
          <reporter-output>
          </reporter-output>
        </test-method> <!-- tearDown -->
      </class> <!-- com.herokuapp.testCases.TC_LoginTest_001 -->
    </test> <!-- test1 -->
  </suite> <!-- herokuapp -->
</testng-results>
