<?xml version="1.0" encoding="UTF-8"?>
<testng-results ignored="0" total="1" passed="1" failed="0" skipped="0">
  <reporter-output>
  </reporter-output>
  <suite started-at="2026-07-24T17:40:59 IST" name="herokuapp" finished-at="2026-07-24T17:41:10 IST" duration-ms="10438">
    <groups>
    </groups>
    <test started-at="2026-07-24T17:40:59 IST" name="test1" finished-at="2026-07-24T17:41:10 IST" duration-ms="10438">
      <class name="com.herokuapp.testCases.TC_LoginTest_001">
        <test-method is-config="true" signature="setup(java.lang.String)[pri:0, instance:com.herokuapp.testCases.TC_LoginTest_001@21337f7b]" started-at="2026-07-24T17:41:00 IST" name="setup" finished-at="2026-07-24T17:41:08 IST" duration-ms="8122" status="PASS">
          <params>
            <param index="0">
              <value>
                <![CDATA[chrome]]>
              </value>
            </param>
          </params>
          <reporter-output>
          </reporter-output>
        </test-method> <!-- setup -->
        <test-method signature="loginTest()[pri:0, instance:com.herokuapp.testCases.TC_LoginTest_001@21337f7b]" started-at="2026-07-24T17:41:08 IST" name="loginTest" finished-at="2026-07-24T17:41:09 IST" duration-ms="1305" status="PASS">
          <reporter-output>
          </reporter-output>
        </test-method> <!-- loginTest -->
        <test-method is-config="true" signature="tearDown()[pri:0, instance:com.herokuapp.testCases.TC_LoginTest_001@21337f7b]" started-at="2026-07-24T17:41:09 IST" name="tearDown" finished-at="2026-07-24T17:41:10 IST" duration-ms="380" status="PASS">
          <reporter-output>
          </reporter-output>
        </test-method> <!-- tearDown -->
      </class> <!-- com.herokuapp.testCases.TC_LoginTest_001 -->
    </test> <!-- test1 -->
  </suite> <!-- herokuapp -->
</testng-results>
